{"/Users/vishnuraj/Documents/Vishnuraj-Arjunasamy/mission-keplar/src/components/Img/img.tsx": {"path":"/Users/vishnuraj/Documents/Vishnuraj-Arjunasamy/mission-keplar/src/components/Img/img.tsx","statementMap":{"0":{"start":{"line":2,"column":0},"end":{"line":2,"column":40}},"1":{"start":{"line":3,"column":0},"end":{"line":3,"column":59}},"2":{"start":{"line":4,"column":0},"end":{"line":4,"column":75}},"3":{"start":{"line":11,"column":26},"end":{"line":27,"column":1}},"4":{"start":{"line":11,"column":32},"end":{"line":11,"column":34}},"5":{"start":{"line":11,"column":34},"end":{"line":11,"column":37}},"6":{"start":{"line":11,"column":37},"end":{"line":11,"column":49}},"7":{"start":{"line":11,"column":55},"end":{"line":11,"column":57}},"8":{"start":{"line":12,"column":2},"end":{"line":26,"column":4}},"9":{"start":{"line":18,"column":8},"end":{"line":18,"column":39}},"10":{"start":{"line":19,"column":8},"end":{"line":23,"column":9}},"11":{"start":{"line":20,"column":10},"end":{"line":20,"column":42}},"12":{"start":{"line":22,"column":10},"end":{"line":22,"column":51}},"13":{"start":{"line":29,"column":0},"end":{"line":29,"column":19}}},"fnMap":{"0":{"name":"(anonymous_1)","decl":{"start":{"line":11,"column":26},"end":{"line":11,"column":27}},"loc":{"start":{"line":11,"column":57},"end":{"line":27,"column":1}}},"1":{"name":"(anonymous_2)","decl":{"start":{"line":17,"column":15},"end":{"line":17,"column":16}},"loc":{"start":{"line":17,"column":17},"end":{"line":24,"column":7}}}},"branchMap":{"0":{"loc":{"start":{"line":11,"column":37},"end":{"line":11,"column":49}},"type":"cond-expr","locations":[{"start":{"line":11,"column":40},"end":{"line":11,"column":47}},{"start":{"line":11,"column":47},"end":{"line":11,"column":49}}]},"1":{"loc":{"start":{"line":19,"column":8},"end":{"line":23,"column":9}},"type":"if","locations":[{"start":{"line":19,"column":8},"end":{"line":23,"column":9}},{"start":{"line":21,"column":15},"end":{"line":23,"column":9}}]}},"s":{"0":2,"1":2,"2":2,"3":2,"4":7,"5":7,"6":7,"7":7,"8":7,"9":2,"10":2,"11":1,"12":1,"13":2},"f":{"0":7,"1":2},"b":{"0":[1,6],"1":[1,1]}}
,"/Users/vishnuraj/Documents/Vishnuraj-Arjunasamy/mission-keplar/src/components/blog-card/blog-card.tsx": {"path":"/Users/vishnuraj/Documents/Vishnuraj-Arjunasamy/mission-keplar/src/components/blog-card/blog-card.tsx","statementMap":{"0":{"start":{"line":2,"column":0},"end":{"line":2,"column":46}},"1":{"start":{"line":4,"column":0},"end":{"line":4,"column":42}},"2":{"start":{"line":15,"column":36},"end":{"line":41,"column":1}},"3":{"start":{"line":16,"column":7},"end":{"line":16,"column":null}},"4":{"start":{"line":17,"column":9},"end":{"line":17,"column":null}},"5":{"start":{"line":18,"column":6},"end":{"line":18,"column":null}},"6":{"start":{"line":19,"column":9},"end":{"line":19,"column":null}},"7":{"start":{"line":20,"column":8},"end":{"line":20,"column":null}},"8":{"start":{"line":22,"column":17},"end":{"line":22,"column":76}},"9":{"start":{"line":22,"column":51},"end":{"line":22,"column":76}},"10":{"start":{"line":24,"column":2},"end":{"line":32,"column":3}},"11":{"start":{"line":25,"column":4},"end":{"line":27,"column":7}},"12":{"start":{"line":29,"column":4},"end":{"line":31,"column":7}},"13":{"start":{"line":34,"column":2},"end":{"line":40,"column":4}},"14":{"start":{"line":43,"column":0},"end":{"line":43,"column":24}}},"fnMap":{"0":{"name":"(anonymous_1)","decl":{"start":{"line":15,"column":36},"end":{"line":15,"column":37}},"loc":{"start":{"line":21,"column":1},"end":{"line":41,"column":1}}},"1":{"name":"(anonymous_2)","decl":{"start":{"line":22,"column":29},"end":{"line":22,"column":30}},"loc":{"start":{"line":22,"column":46},"end":{"line":22,"column":56}}}},"branchMap":{"0":{"loc":{"start":{"line":24,"column":2},"end":{"line":32,"column":3}},"type":"if","locations":[{"start":{"line":24,"column":2},"end":{"line":32,"column":3}},{"start":{"line":28,"column":9},"end":{"line":32,"column":3}}]},"1":{"loc":{"start":{"line":26,"column":6},"end":{"line":26,"column":30}},"type":"binary-expr","locations":[{"start":{"line":26,"column":6},"end":{"line":26,"column":12}},{"start":{"line":26,"column":16},"end":{"line":26,"column":30}}]},"2":{"loc":{"start":{"line":30,"column":6},"end":{"line":30,"column":30}},"type":"binary-expr","locations":[{"start":{"line":30,"column":6},"end":{"line":30,"column":12}},{"start":{"line":30,"column":16},"end":{"line":30,"column":30}}]}},"s":{"0":1,"1":1,"2":1,"3":4,"4":4,"5":4,"6":4,"7":4,"8":4,"9":8,"10":4,"11":1,"12":3,"13":4,"14":1},"f":{"0":4,"1":8},"b":{"0":[1,3],"1":[1,0],"2":[3,1]}}
,"/Users/vishnuraj/Documents/Vishnuraj-Arjunasamy/mission-keplar/src/components/button/button.tsx": {"path":"/Users/vishnuraj/Documents/Vishnuraj-Arjunasamy/mission-keplar/src/components/button/button.tsx","statementMap":{"0":{"start":{"line":2,"column":0},"end":{"line":2,"column":43}},"1":{"start":{"line":10,"column":32},"end":{"line":16,"column":1}},"2":{"start":{"line":10,"column":42},"end":{"line":10,"column":44}},"3":{"start":{"line":10,"column":49},"end":{"line":10,"column":51}},"4":{"start":{"line":10,"column":51},"end":{"line":10,"column":55}},"5":{"start":{"line":10,"column":55},"end":{"line":10,"column":66}},"6":{"start":{"line":11,"column":2},"end":{"line":15,"column":4}},"7":{"start":{"line":18,"column":0},"end":{"line":18,"column":22}}},"fnMap":{"0":{"name":"(anonymous_1)","decl":{"start":{"line":10,"column":32},"end":{"line":10,"column":33}},"loc":{"start":{"line":10,"column":66},"end":{"line":16,"column":1}}}},"branchMap":{"0":{"loc":{"start":{"line":10,"column":55},"end":{"line":10,"column":66}},"type":"cond-expr","locations":[{"start":{"line":10,"column":56},"end":{"line":10,"column":64}},{"start":{"line":10,"column":64},"end":{"line":10,"column":66}}]}},"s":{"0":1,"1":1,"2":4,"3":4,"4":4,"5":4,"6":4,"7":1},"f":{"0":4},"b":{"0":[3,1]}}
,"/Users/vishnuraj/Documents/Vishnuraj-Arjunasamy/mission-keplar/src/components/check-box/check-box.tsx": {"path":"/Users/vishnuraj/Documents/Vishnuraj-Arjunasamy/mission-keplar/src/components/check-box/check-box.tsx","statementMap":{"0":{"start":{"line":2,"column":0},"end":{"line":2,"column":46}},"1":{"start":{"line":3,"column":0},"end":{"line":3,"column":42}},"2":{"start":{"line":12,"column":36},"end":{"line":29,"column":1}},"3":{"start":{"line":12,"column":44},"end":{"line":12,"column":46}},"4":{"start":{"line":12,"column":51},"end":{"line":12,"column":53}},"5":{"start":{"line":12,"column":65},"end":{"line":12,"column":67}},"6":{"start":{"line":13,"column":17},"end":{"line":13,"column":76}},"7":{"start":{"line":13,"column":51},"end":{"line":13,"column":76}},"8":{"start":{"line":15,"column":16},"end":{"line":16,"column":null}},"9":{"start":{"line":18,"column":2},"end":{"line":28,"column":4}},"10":{"start":{"line":31,"column":0},"end":{"line":31,"column":24}}},"fnMap":{"0":{"name":"(anonymous_1)","decl":{"start":{"line":12,"column":36},"end":{"line":12,"column":37}},"loc":{"start":{"line":12,"column":67},"end":{"line":29,"column":1}}},"1":{"name":"(anonymous_2)","decl":{"start":{"line":13,"column":29},"end":{"line":13,"column":30}},"loc":{"start":{"line":13,"column":46},"end":{"line":13,"column":56}}}},"branchMap":{"0":{"loc":{"start":{"line":16,"column":4},"end":{"line":16,"column":41}},"type":"cond-expr","locations":[{"start":{"line":16,"column":13},"end":{"line":16,"column":25}},{"start":{"line":16,"column":28},"end":{"line":16,"column":41}}]}},"s":{"0":1,"1":1,"2":1,"3":5,"4":5,"5":5,"6":5,"7":9,"8":5,"9":5,"10":1},"f":{"0":5,"1":9},"b":{"0":[1,4]}}
,"/Users/vishnuraj/Documents/Vishnuraj-Arjunasamy/mission-keplar/src/components/input/input.tsx": {"path":"/Users/vishnuraj/Documents/Vishnuraj-Arjunasamy/mission-keplar/src/components/input/input.tsx","statementMap":{"0":{"start":{"line":1,"column":0},"end":{"line":1,"column":44}},"1":{"start":{"line":2,"column":0},"end":{"line":2,"column":42}},"2":{"start":{"line":3,"column":0},"end":{"line":3,"column":42}},"3":{"start":{"line":17,"column":14},"end":{"line":37,"column":null}},"4":{"start":{"line":19,"column":10},"end":{"line":19,"column":12}},"5":{"start":{"line":19,"column":17},"end":{"line":19,"column":19}},"6":{"start":{"line":19,"column":30},"end":{"line":19,"column":32}},"7":{"start":{"line":19,"column":40},"end":{"line":19,"column":42}},"8":{"start":{"line":19,"column":46},"end":{"line":19,"column":48}},"9":{"start":{"line":19,"column":60},"end":{"line":19,"column":62}},"10":{"start":{"line":19,"column":72},"end":{"line":19,"column":74}},"11":{"start":{"line":22,"column":19},"end":{"line":22,"column":78}},"12":{"start":{"line":22,"column":53},"end":{"line":22,"column":78}},"13":{"start":{"line":23,"column":18},"end":{"line":23,"column":77}},"14":{"start":{"line":24,"column":4},"end":{"line":36,"column":6}},"15":{"start":{"line":40,"column":0},"end":{"line":40,"column":21}}},"fnMap":{"0":{"name":"(anonymous_1)","decl":{"start":{"line":18,"column":2},"end":{"line":18,"column":null}},"loc":{"start":{"line":20,"column":7},"end":{"line":37,"column":3}}},"1":{"name":"(anonymous_2)","decl":{"start":{"line":22,"column":31},"end":{"line":22,"column":32}},"loc":{"start":{"line":22,"column":48},"end":{"line":22,"column":58}}}},"branchMap":{"0":{"loc":{"start":{"line":23,"column":38},"end":{"line":23,"column":75}},"type":"cond-expr","locations":[{"start":{"line":23,"column":47},"end":{"line":23,"column":59}},{"start":{"line":23,"column":62},"end":{"line":23,"column":75}}]}},"s":{"0":1,"1":1,"2":1,"3":1,"4":7,"5":7,"6":7,"7":7,"8":7,"9":7,"10":7,"11":7,"12":14,"13":7,"14":7,"15":1},"f":{"0":7,"1":14},"b":{"0":[1,6]}}
,"/Users/vishnuraj/Documents/Vishnuraj-Arjunasamy/mission-keplar/src/components/member-card/member-card.tsx": {"path":"/Users/vishnuraj/Documents/Vishnuraj-Arjunasamy/mission-keplar/src/components/member-card/member-card.tsx","statementMap":{"0":{"start":{"line":2,"column":0},"end":{"line":2,"column":29}},"1":{"start":{"line":3,"column":0},"end":{"line":3,"column":48}},"2":{"start":{"line":4,"column":0},"end":{"line":4,"column":42}},"3":{"start":{"line":13,"column":40},"end":{"line":28,"column":1}},"4":{"start":{"line":13,"column":48},"end":{"line":13,"column":50}},"5":{"start":{"line":13,"column":54},"end":{"line":13,"column":56}},"6":{"start":{"line":13,"column":60},"end":{"line":13,"column":62}},"7":{"start":{"line":14,"column":21},"end":{"line":15,"column":null}},"8":{"start":{"line":15,"column":26},"end":{"line":15,"column":null}},"9":{"start":{"line":17,"column":2},"end":{"line":27,"column":4}},"10":{"start":{"line":30,"column":0},"end":{"line":30,"column":26}}},"fnMap":{"0":{"name":"(anonymous_1)","decl":{"start":{"line":13,"column":40},"end":{"line":13,"column":41}},"loc":{"start":{"line":13,"column":62},"end":{"line":28,"column":1}}},"1":{"name":"(anonymous_2)","decl":{"start":{"line":15,"column":4},"end":{"line":15,"column":5}},"loc":{"start":{"line":15,"column":21},"end":{"line":15,"column":31}}}},"branchMap":{"0":{"loc":{"start":{"line":20,"column":8},"end":{"line":20,"column":49}},"type":"cond-expr","locations":[{"start":{"line":20,"column":21},"end":{"line":20,"column":33}},{"start":{"line":20,"column":36},"end":{"line":20,"column":49}}]}},"s":{"0":1,"1":1,"2":1,"3":1,"4":3,"5":3,"6":3,"7":3,"8":6,"9":3,"10":1},"f":{"0":3,"1":6},"b":{"0":[1,2]}}
,"/Users/vishnuraj/Documents/Vishnuraj-Arjunasamy/mission-keplar/src/components/modal/modal.tsx": {"path":"/Users/vishnuraj/Documents/Vishnuraj-Arjunasamy/mission-keplar/src/components/modal/modal.tsx","statementMap":{"0":{"start":{"line":2,"column":0},"end":{"line":2,"column":42}},"1":{"start":{"line":3,"column":0},"end":{"line":3,"column":42}},"2":{"start":{"line":11,"column":30},"end":{"line":26,"column":1}},"3":{"start":{"line":11,"column":41},"end":{"line":11,"column":43}},"4":{"start":{"line":11,"column":53},"end":{"line":11,"column":55}},"5":{"start":{"line":12,"column":17},"end":{"line":12,"column":76}},"6":{"start":{"line":12,"column":51},"end":{"line":12,"column":76}},"7":{"start":{"line":14,"column":4},"end":{"line":14,"column":31}},"8":{"start":{"line":17,"column":16},"end":{"line":17,"column":75}},"9":{"start":{"line":19,"column":2},"end":{"line":25,"column":4}},"10":{"start":{"line":21,"column":55},"end":{"line":21,"column":null}},"11":{"start":{"line":28,"column":0},"end":{"line":28,"column":21}}},"fnMap":{"0":{"name":"(anonymous_1)","decl":{"start":{"line":11,"column":30},"end":{"line":11,"column":31}},"loc":{"start":{"line":11,"column":55},"end":{"line":26,"column":1}}},"1":{"name":"(anonymous_2)","decl":{"start":{"line":12,"column":29},"end":{"line":12,"column":30}},"loc":{"start":{"line":12,"column":46},"end":{"line":12,"column":56}}},"2":{"name":"handleModalClose","decl":{"start":{"line":13,"column":11},"end":{"line":13,"column":27}},"loc":{"start":{"line":13,"column":27},"end":{"line":15,"column":3}}},"3":{"name":"(anonymous_4)","decl":{"start":{"line":21,"column":48},"end":{"line":21,"column":49}},"loc":{"start":{"line":21,"column":50},"end":{"line":21,"column":56}}}},"branchMap":{"0":{"loc":{"start":{"line":14,"column":4},"end":{"line":14,"column":30}},"type":"binary-expr","locations":[{"start":{"line":14,"column":4},"end":{"line":14,"column":14}},{"start":{"line":14,"column":18},"end":{"line":14,"column":30}}]},"1":{"loc":{"start":{"line":17,"column":36},"end":{"line":17,"column":73}},"type":"cond-expr","locations":[{"start":{"line":17,"column":45},"end":{"line":17,"column":57}},{"start":{"line":17,"column":60},"end":{"line":17,"column":73}}]}},"s":{"0":1,"1":1,"2":1,"3":3,"4":3,"5":3,"6":6,"7":1,"8":3,"9":3,"10":1,"11":1},"f":{"0":3,"1":6,"2":1,"3":1},"b":{"0":[1,1],"1":[1,2]}}
,"/Users/vishnuraj/Documents/Vishnuraj-Arjunasamy/mission-keplar/src/components/not-found/not-found.tsx": {"path":"/Users/vishnuraj/Documents/Vishnuraj-Arjunasamy/mission-keplar/src/components/not-found/not-found.tsx","statementMap":{"0":{"start":{"line":1,"column":0},"end":{"line":1,"column":45}},"1":{"start":{"line":3,"column":0},"end":{"line":3,"column":58}},"2":{"start":{"line":4,"column":17},"end":{"line":11,"column":1}},"3":{"start":{"line":6,"column":2},"end":{"line":10,"column":4}},"4":{"start":{"line":13,"column":0},"end":{"line":13,"column":24}}},"fnMap":{"0":{"name":"(anonymous_1)","decl":{"start":{"line":4,"column":17},"end":{"line":4,"column":null}},"loc":{"start":{"line":4,"column":17},"end":{"line":11,"column":1}}}},"branchMap":{},"s":{"0":1,"1":1,"2":1,"3":1,"4":1},"f":{"0":1},"b":{}}
,"/Users/vishnuraj/Documents/Vishnuraj-Arjunasamy/mission-keplar/src/constants/app.constants.ts": {"path":"/Users/vishnuraj/Documents/Vishnuraj-Arjunasamy/mission-keplar/src/constants/app.constants.ts","statementMap":{"0":{"start":{"line":1,"column":13},"end":{"line":3,"column":2}},"1":{"start":{"line":5,"column":13},"end":{"line":11,"column":2}},"2":{"start":{"line":13,"column":13},"end":{"line":17,"column":2}},"3":{"start":{"line":19,"column":13},"end":{"line":21,"column":2}},"4":{"start":{"line":23,"column":13},"end":{"line":27,"column":2}},"5":{"start":{"line":29,"column":13},"end":{"line":34,"column":2}}},"fnMap":{},"branchMap":{},"s":{"0":1,"1":1,"2":1,"3":1,"4":1,"5":1},"f":{},"b":{}}
}
