TN:
SF:src/components/Img/img.tsx
FN:11,(anonymous_1)
FN:17,(anonymous_2)
FNF:2
FNH:2
FNDA:7,(anonymous_1)
FNDA:2,(anonymous_2)
DA:2,2
DA:3,2
DA:4,2
DA:11,7
DA:12,7
DA:18,2
DA:19,2
DA:20,1
DA:22,1
DA:29,2
LF:10
LH:10
BRDA:11,0,0,1
BRDA:11,0,1,6
BRDA:19,1,0,1
BRDA:19,1,1,1
BRF:4
BRH:4
end_of_record
TN:
SF:src/components/blog-card/blog-card.tsx
FN:15,(anonymous_1)
FN:22,(anonymous_2)
FNF:2
FNH:2
FNDA:4,(anonymous_1)
FNDA:8,(anonymous_2)
DA:2,1
DA:4,1
DA:15,1
DA:16,4
DA:17,4
DA:18,4
DA:19,4
DA:20,4
DA:22,8
DA:24,4
DA:25,1
DA:29,3
DA:34,4
DA:43,1
LF:14
LH:14
BRDA:24,0,0,1
BRDA:24,0,1,3
BRDA:26,1,0,1
BRDA:26,1,1,0
BRDA:30,2,0,3
BRDA:30,2,1,1
BRF:6
BRH:5
end_of_record
TN:
SF:src/components/button/button.tsx
FN:10,(anonymous_1)
FNF:1
FNH:1
FNDA:4,(anonymous_1)
DA:2,1
DA:10,4
DA:11,4
DA:18,1
LF:4
LH:4
BRDA:10,0,0,3
BRDA:10,0,1,1
BRF:2
BRH:2
end_of_record
TN:
SF:src/components/check-box/check-box.tsx
FN:12,(anonymous_1)
FN:13,(anonymous_2)
FNF:2
FNH:2
FNDA:5,(anonymous_1)
FNDA:9,(anonymous_2)
DA:2,1
DA:3,1
DA:12,5
DA:13,9
DA:15,5
DA:18,5
DA:31,1
LF:7
LH:7
BRDA:16,0,0,1
BRDA:16,0,1,4
BRF:2
BRH:2
end_of_record
TN:
SF:src/components/input/input.tsx
FN:18,(anonymous_1)
FN:22,(anonymous_2)
FNF:2
FNH:2
FNDA:7,(anonymous_1)
FNDA:14,(anonymous_2)
DA:1,1
DA:2,1
DA:3,1
DA:17,1
DA:19,7
DA:22,14
DA:23,7
DA:24,7
DA:40,1
LF:9
LH:9
BRDA:23,0,0,1
BRDA:23,0,1,6
BRF:2
BRH:2
end_of_record
TN:
SF:src/components/member-card/member-card.tsx
FN:13,(anonymous_1)
FN:15,(anonymous_2)
FNF:2
FNH:2
FNDA:3,(anonymous_1)
FNDA:6,(anonymous_2)
DA:2,1
DA:3,1
DA:4,1
DA:13,3
DA:14,3
DA:15,6
DA:17,3
DA:30,1
LF:8
LH:8
BRDA:20,0,0,1
BRDA:20,0,1,2
BRF:2
BRH:2
end_of_record
TN:
SF:src/components/modal/modal.tsx
FN:11,(anonymous_1)
FN:12,(anonymous_2)
FN:13,handleModalClose
FN:21,(anonymous_4)
FNF:4
FNH:4
FNDA:3,(anonymous_1)
FNDA:6,(anonymous_2)
FNDA:1,handleModalClose
FNDA:1,(anonymous_4)
DA:2,1
DA:3,1
DA:11,3
DA:12,6
DA:14,1
DA:17,3
DA:19,3
DA:21,1
DA:28,1
LF:9
LH:9
BRDA:14,0,0,1
BRDA:14,0,1,1
BRDA:17,1,0,1
BRDA:17,1,1,2
BRF:4
BRH:4
end_of_record
TN:
SF:src/components/not-found/not-found.tsx
FN:4,(anonymous_1)
FNF:1
FNH:1
FNDA:1,(anonymous_1)
DA:1,1
DA:3,1
DA:4,1
DA:6,1
DA:13,1
LF:5
LH:5
BRF:0
BRH:0
end_of_record
TN:
SF:src/constants/app.constants.ts
FNF:0
FNH:0
DA:1,1
DA:5,1
DA:13,1
DA:19,1
DA:23,1
DA:29,1
LF:6
LH:6
BRF:0
BRH:0
end_of_record
